Initializing centers
Centers initialized. Computing original scores..
Creating flann index
Flann index created
Initial cluster score:
	KMeans objective score: 7.58666e+09
Iteration #1:
	KMeans objective score: 5.52e+09
	Percentage of assigned points 0.38679
	Total time: 0.156376s, update time: 0.0374498s, assign time: 0.118926s
Iteration #2:
	KMeans objective score: 5.48388e+09
	Percentage of assigned points 0.36405
	Total time: 0.141367s, update time: 0.0357355s, assign time: 0.105631s
Iteration #3:
	KMeans objective score: 5.48775e+09
	Percentage of assigned points 0.35681
	Total time: 0.133184s, update time: 0.0305195s, assign time: 0.102665s
Iteration #4:
	KMeans objective score: 5.50218e+09
	Percentage of assigned points 0.35219
	Total time: 0.139592s, update time: 0.0333194s, assign time: 0.106273s
Iteration #5:
	KMeans objective score: 5.51264e+09
	Percentage of assigned points 0.34956
	Total time: 0.129851s, update time: 0.0307162s, assign time: 0.0991351s
Iteration #6:
	KMeans objective score: 5.52429e+09
	Percentage of assigned points 0.34763
	Total time: 0.275946s, update time: 0.0605476s, assign time: 0.215398s
Iteration #7:
	KMeans objective score: 5.5337e+09
	Percentage of assigned points 0.34592
	Total time: 0.13729s, update time: 0.0318622s, assign time: 0.105428s
Iteration #8:
	KMeans objective score: 5.54343e+09
	Percentage of assigned points 0.34424
	Total time: 0.127982s, update time: 0.031009s, assign time: 0.0969732s
Iteration #9:
	KMeans objective score: 5.55362e+09
	Percentage of assigned points 0.34142
	Total time: 0.136535s, update time: 0.0313344s, assign time: 0.105201s
Iteration #10:
	KMeans objective score: 5.5602e+09
	Percentage of assigned points 0.34042
	Total time: 0.130047s, update time: 0.0300037s, assign time: 0.100044s
